<?xml version="1.0" encoding="UTF-8"?>
<testng-results skipped="0" failed="0" ignored="0" total="2" passed="2">
  <reporter-output>
  </reporter-output>
  <suite name="Suite" duration-ms="22683" started-at="2020-07-16T09:00:15 IST" finished-at="2020-07-16T09:00:37 IST">
    <groups>
    </groups>
    <test name="loginbatch" duration-ms="22683" started-at="2020-07-16T09:00:15 IST" finished-at="2020-07-16T09:00:37 IST">
      <class name="loginBatchFile.loginTest">
        <test-method status="PASS" signature="verifyLogins()[pri:0, instance:loginBatchFile.loginTest@153f5a29]" name="verifyLogins" duration-ms="22280" started-at="2020-07-16T09:00:15 IST" finished-at="2020-07-16T09:00:37 IST">
          <reporter-output>
          </reporter-output>
        </test-method> <!-- verifyLogins -->
      </class> <!-- loginBatchFile.loginTest -->
      <class name="loginBatchFile.log4jreports">
        <test-method status="PASS" signature="reports()[pri:0, instance:loginBatchFile.log4jreports@7f560810]" name="reports" duration-ms="269" started-at="2020-07-16T09:00:37 IST" finished-at="2020-07-16T09:00:37 IST">
          <reporter-output>
          </reporter-output>
        </test-method> <!-- reports -->
      </class> <!-- loginBatchFile.log4jreports -->
    </test> <!-- loginbatch -->
  </suite> <!-- Suite -->
</testng-results>
